c:\users\thewi\onedrive - york university\yorku\extracurricular\yec\2025\programming\build\budgeteerapi.dir\debug\vc143.pdb
c:\users\thewi\onedrive - york university\yorku\extracurricular\yec\2025\programming\build\budgeteerapi.dir\debug\apiserver.obj
c:\users\thewi\onedrive - york university\yorku\extracurricular\yec\2025\programming\build\budgeteerapi.dir\debug\database.obj
c:\users\thewi\onedrive - york university\yorku\extracurricular\yec\2025\programming\build\budgeteerapi.dir\debug\item.obj
c:\users\thewi\onedrive - york university\yorku\extracurricular\yec\2025\programming\build\budgeteerapi.dir\debug\main.obj
c:\users\thewi\onedrive - york university\yorku\extracurricular\yec\2025\programming\build\cmakefiles\generate.stamp
c:\users\thewi\onedrive - york university\yorku\extracurricular\yec\2025\programming\build\bin\debug\budgeteerapi.exe
c:\users\thewi\onedrive - york university\yorku\extracurricular\yec\2025\programming\build\bin\debug\budgeteerapi.pdb
c:\users\thewi\onedrive - york university\yorku\extracurricular\yec\2025\programming\build\budgeteerapi.dir\debug\budgeteerapi.ilk
c:\users\thewi\onedrive - york university\yorku\extracurricular\yec\2025\programming\build\budgeteerapi.dir\debug\budgeteerapi.tlog\cl.command.1.tlog
c:\users\thewi\onedrive - york university\yorku\extracurricular\yec\2025\programming\build\budgeteerapi.dir\debug\budgeteerapi.tlog\cl.items.tlog
c:\users\thewi\onedrive - york university\yorku\extracurricular\yec\2025\programming\build\budgeteerapi.dir\debug\budgeteerapi.tlog\cl.read.1.tlog
c:\users\thewi\onedrive - york university\yorku\extracurricular\yec\2025\programming\build\budgeteerapi.dir\debug\budgeteerapi.tlog\cl.write.1.tlog
c:\users\thewi\onedrive - york university\yorku\extracurricular\yec\2025\programming\build\budgeteerapi.dir\debug\budgeteerapi.tlog\custombuild.command.1.tlog
c:\users\thewi\onedrive - york university\yorku\extracurricular\yec\2025\programming\build\budgeteerapi.dir\debug\budgeteerapi.tlog\custombuild.read.1.tlog
c:\users\thewi\onedrive - york university\yorku\extracurricular\yec\2025\programming\build\budgeteerapi.dir\debug\budgeteerapi.tlog\custombuild.write.1.tlog
c:\users\thewi\onedrive - york university\yorku\extracurricular\yec\2025\programming\build\budgeteerapi.dir\debug\budgeteerapi.tlog\link.command.1.tlog
c:\users\thewi\onedrive - york university\yorku\extracurricular\yec\2025\programming\build\budgeteerapi.dir\debug\budgeteerapi.tlog\link.read.1.tlog
c:\users\thewi\onedrive - york university\yorku\extracurricular\yec\2025\programming\build\budgeteerapi.dir\debug\budgeteerapi.tlog\link.secondary.1.tlog
c:\users\thewi\onedrive - york university\yorku\extracurricular\yec\2025\programming\build\budgeteerapi.dir\debug\budgeteerapi.tlog\link.write.1.tlog
